1692820147345	geckodriver	INFO	Listening on 127.0.0.1:50911
1692821226796	geckodriver	INFO	Listening on 127.0.0.1:54671
1692821226924	mozrunner::runner	INFO	Running command: MOZ_CRASHREPORTER="1" MOZ_CRASHREPORTER_NO_REPORT="1" MOZ_CRASHREPORTER_SHUTDOWN="1" MOZ_NO_REMOTE="1" "/usr ... te" "--remote-debugging-port" "56353" "--remote-allow-hosts" "localhost" "-no-remote" "-profile" "/tmp/rust_mozprofilecHXpbE"
console.warn: services.settings: Ignoring preference override of remote settings server
console.warn: services.settings: Allow by setting MOZ_REMOTE_SETTINGS_DEVTOOLS=1 in the environment
ATTENTION: default value of option mesa_glthread overridden by environment.
ATTENTION: default value of option mesa_glthread overridden by environment.
ATTENTION: default value of option mesa_glthread overridden by environment.
1692821227734	Marionette	INFO	Marionette enabled
1692821227790	Marionette	INFO	Listening on port 36027
WebDriver BiDi listening on ws://127.0.0.1:56353
Read port: 36027
1692821227946	RemoteAgent	WARN	TLS certificate errors will be ignored for this session
console.error: ({})
DevTools listening on ws://127.0.0.1:56353/devtools/browser/02f42682-2c76-40ab-91c7-b8d6a7acdc4b
console.error: WebExtensions: 
  Message: [Exception... "Component returned failure code: 0x80004005 (NS_ERROR_FAILURE) [nsIPropertyBag.getProperty]"  nsresult: "0x80004005 (NS_ERROR_FAILURE)"  location: "JS frame :: jar:file:///usr/lib/firefox/browser/omni.ja!/chrome/browser/builtin-addons/search-detection/api.js :: stopListener :: line 197"  data: no]
  Stack:
    stopListener@jar:file:///usr/lib/firefox/browser/omni.ja!/chrome/browser/builtin-addons/search-detection/api.js:197:32

JavaScript error: https://www.google.com/sorry/index?continue=https://www.google.com/search%3Fq%3Dsite%253Afacebook.com%2B%2522Vinicius%2BBraz%2522%2Band%2B%2522Profiles%2522&q=EgTJMGwiGO3NmacGIjDo4zZ2R7TDaL2trVbQhEkAY7-8gwj2jZslfMphw2RASo7DKUITgHF7CcKkwRKw86kyAXJaAUM, line 1: SyntaxError: expected expression, got ','
console.warn: services.settings: Ignoring preference override of remote settings server
console.warn: services.settings: Allow by setting MOZ_REMOTE_SETTINGS_DEVTOOLS=1 in the environment
console.error: (new TypeError("lazy.AsyncShutdown.profileBeforeChange is undefined", "resource://services-settings/Database.sys.mjs", 597))
console.warn: LoginRecipes: "Falling back to a synchronous message for: https://www.google.com."
console.error: "update.locale" " file doesn't exist in either the application or GRE directories"
JavaScript warning: https://www.google.com/xjs/_/js/k=xjs.snr.pt_BR.B8GNrUjwEIU.O/am=CghAQAAAAAAgAACigHDIZKN4gH_uDAAAYAAABQAAAABgFQHABEDw_pM0AAIChABYADGwBgBKKAE7AAAAYOwHAIAAAIBwAIwXACgEwIcQUAACAAAAIA8AzgMIDiY8AAAAAAAAAAAAgIBLEAwOSI8FBEAAAAAAAAAAAACAVDJ5OYAAABg/d=1/ed=1/dg=2/rs=ACT90oHHoKfagddjK8Y-mikOgE4zOekq0Q/ee=cEt90b:ws9Tlc;qddgKe:x4FYXe,d7YSfd;yxTchf:KUM7Z;dtl0hd:lLQWFe;eHDfl:ofjVkb;qaS3gd:yiLg6e;nAFL3:NTMZac,s39S4;oGtAuc:sOXFj;iFQyKf:vfuNJf,QIhFr;SNUn3:ZwDk9d,x8cHvb;io8t5d:sgY6Zb;Oj465e:KG2eXe,KG2eXe;Erl4fe:FloWmf,FloWmf;JsbNhc:Xd8iUd;sP4Vbe:VwDzFe;kMFpHd:OTA3Ae;uY49fb:COQbmf;Pjplud:PoEs9b,EEDORb;QGR0gd:Mlhmy;a56pNe:JEfCwb;Me32dd:MEeYgc;wR5FRb:TtcOte,O1Gjze;pXdRYb:JKoKVe,MdUzUe;dIoSBb:ZgGg9b;EmZ2Bf:zr1jrb;NSEoX:lazG7b;eBAeSb:Ck63tb;WCEKNd:I46Hvd;wV5Pjc:L8KGxe;EVNhjf:pw70Gc;sTsDMc:kHVSUb;wQlYve:aLUfP;zOsCQe:Ko78Df;KcokUb:KiuZBf;YV5bee:IvPZ6d;kbAm9d:MkHyGd;ZWEUA:afR4Cf;g8nkx:U4MzKc;lzgfYb:PI40bd;ESrPQc:mNTJvc;qavrXe:zQzcXe,mYbt1d;w9w86d:dt4g2b;GleZL:J1A7Od;bcPXSc:gSZLJb;JXS8fb:Qj0suc;IoGlCf:b5lhvb;vfVwPd:OXTqFb;VGRfx:VFqbr;BjwMce:cXX2Wb;pNsl2d:j9Yuyc;R9Ulx:CR7Ufe;kY7VAf:d91TEb;KpRAue:Tia57b;jY0zg:Q6tNgc;l8Azde:j4Ca9b;oSUNyd:fTfGO,fTfGO,vjQg0b;SMDL4c:fTfGO,vjQg0b;aZ61od:arTwJ;ZrFutb:W4Cdfc;K8vqCc:MyIcle;NPKaK:SdcwHb;LBgRLc:XVMNvd,SdcwHb;rQSrae:C6D5Fc;kCQyJ:ueyPK;KQzWid:mB4wNe;EABSZ:MXZt9d;TxfV6d:YORN0b;UDrY1c:eps46d;F9mqte:UoRcbe;Nyt6ic:jn2sGd;w3bZCb:ZPGaIb;G0KhTb:LIaoZ;aAJE9c:WHW6Ef;V2HTTe:RolTY;Wfmdue:g3MJlb;imqimf:jKGL2e;BgS6mb:fidj5d;UVmjEd:EesRsb;z97YGf:oug9te;AfeaP:TkrAjf;eBZ5Nd:audvde;CxXAWb:YyRLvc;VN6jIc:ddQyuf;SLtqO:Kh1xYe;tosKvd:ZCqP3;VOcgDe:YquhTb;uuQkY:u2V3ud;WDGyFe:jcVOxd;trZL0b:qY8PFe;VxQ32b:k0XsBb;DULqB:RKfG5c;Np8Qkd:Dpx6qc;cFTWae:gT8qnd;gaub4:TN6bMe;xBbsrc:NEW1Qc;DpcR3d:zL72xf;hjRo6e:F62sG;yGxLoc:FmAr0c;oUlnpc:RagDlc;R2kc8b:ALJqWb;pj82le:mg5CW;dLlj2:Qqt3Gf;qGV2uc:HHi04c;gtVSi:ekUOYd;UyG7Kb:wQd0G;LsNahb:ucGLNb;xbe2wc:wbTLEd;Q1Ow7b:x5CSu;okUaUd:wItadb;G6wU6e:hezEbd;uknmt:GkPrzb;PqHfGe:im2cZe;Fmv9Nc:O1Tzwc;hK67qb:QWEO5b;BMxAGc:E5bFse;R4IIIb:QWfeKf;whEZac:F4AmNb;tH4IIe:Ymry6;zxnPse:GkRiKb;xqZiqf:wmnU7d;lkq0A:Z0MWEf;daB6be:lMxGPd;U96pRd:FsR04;LEikZe:byfTOb,lsjVmc/m=attn,cdos,cr,gwc,hsm,jsanr,mb4ZUb,d,csi,cEt90b,SNUn3,qddgKe,sTsDMc,dtl0hd,eHDfl, line 405: Script terminated by timeout at:
b@https://www.google.com/xjs/_/js/k=xjs.snr.pt_BR.B8GNrUjwEIU.O/am=CghAQAAAAAAgAACigHDIZKN4gH_uDAAAYAAABQAAAABgFQHABEDw_pM0AAIChABYADGwBgBKKAE7AAAAYOwHAIAAAIBwAIwXACgEwIcQUAACAAAAIA8AzgMIDiY8AAAAAAAAAAAAgIBLEAwOSI8FBEAAAAAAAAAAAACAVDJ5OYAAABg/d=1/ed=1/dg=2/rs=ACT90oHHoKfagddjK8Y-mikOgE4zOekq0Q/ee=cEt90b:ws9Tlc;qddgKe:x4FYXe,d7YSfd;yxTchf:KUM7Z;dtl0hd:lLQWFe;eHDfl:ofjVkb;qaS3gd:yiLg6e;nAFL3:NTMZac,s39S4;oGtAuc:sOXFj;iFQyKf:vfuNJf,QIhFr;SNUn3:ZwDk9d,x8cHvb;io8t5d:sgY6Zb;Oj465e:KG2eXe,KG2eXe;Erl4fe:FloWmf,FloWmf;JsbNhc:Xd8iUd;sP4Vbe:VwDzFe;kMFpHd:OTA3Ae;uY49fb:COQbmf;Pjplud:PoEs9b,EEDORb;QGR0gd:Mlhmy;a56pNe:JEfCwb;Me32dd:MEeYgc;wR5FRb:TtcOte,O1Gjze;pXdRYb:JKoKVe,MdUzUe;dIoSBb:ZgGg9b;EmZ2Bf:zr1jrb;NSEoX:lazG7b;eBAeSb:Ck63tb;WCEKNd:I46Hvd;wV5Pjc:L8KGxe;EVNhjf:pw70Gc;sTsDMc:kHVSUb;wQlYve:aLUfP;zOsCQe:Ko78Df;KcokUb:KiuZBf;YV5bee:IvPZ6d;kbAm9d:MkHyGd;ZWEUA:afR4Cf;g8nkx:U4MzKc;lzgfYb:PI40bd;ESrPQc:mNTJvc;qavrXe:zQzcXe,mYbt1d;w9w86d:dt4g2b;GleZL:J1A7Od;bcPXSc:gSZLJb;JXS8fb:Qj0suc;IoGlCf:b5lhvb;vfVwPd:OXTqFb;VGRfx:VFqbr;BjwMce:cXX2Wb;pNsl2d:j9Yuyc;R9Ulx:CR7Ufe;kY7VAf:d91TEb;KpRAue:Tia57b;jY0zg:Q6tNgc;l8Azde:j4Ca9b;oSUNyd:fTfGO,fTfGO,vjQg0b;SMDL4c:fTfGO,vjQg0b;aZ61od:arTwJ;ZrFutb:W4Cdfc;K8vqCc:MyIcle;NPKaK:SdcwHb;LBgRLc:XVMNvd,SdcwHb;rQSrae:C6D5Fc;kCQyJ:ueyPK;KQzWid:mB4wNe;EABSZ:MXZt9d;TxfV6d:YORN0b;UDrY1c:eps46d;F9mqte:UoRcbe;Nyt6ic:jn2sGd;w3bZCb:ZPGaIb;G0KhTb:LIaoZ;aAJE9c:WHW6Ef;V2HTTe:RolTY;Wfmdue:g3MJlb;imqimf:jKGL2e;BgS6mb:fidj5d;UVmjEd:EesRsb;z97YGf:oug9te;AfeaP:TkrAjf;eBZ5Nd:audvde;CxXAWb:YyRLvc;VN6jIc:ddQyuf;SLtqO:Kh1xYe;tosKvd:ZCqP3;VOcgDe:YquhTb;uuQkY:u2V3ud;WDGyFe:jcVOxd;trZL0b:qY8PFe;VxQ32b:k0XsBb;DULqB:RKfG5c;Np8Qkd:Dpx6qc;cFTWae:gT8qnd;gaub4:TN6bMe;xBbsrc:NEW1Qc;DpcR3d:zL72xf;hjRo6e:F62sG;yGxLoc:FmAr0c;oUlnpc:RagDlc;R2kc8b:ALJqWb;pj82le:mg5CW;dLlj2:Qqt3Gf;qGV2uc:HHi04c;gtVSi:ekUOYd;UyG7Kb:wQd0G;LsNahb:ucGLNb;xbe2wc:wbTLEd;Q1Ow7b:x5CSu;okUaUd:wItadb;G6wU6e:hezEbd;uknmt:GkPrzb;PqHfGe:im2cZe;Fmv9Nc:O1Tzwc;hK67qb:QWEO5b;BMxAGc:E5bFse;R4IIIb:QWfeKf;whEZac:F4AmNb;tH4IIe:Ymry6;zxnPse:GkRiKb;xqZiqf:wmnU7d;lkq0A:Z0MWEf;daB6be:lMxGPd;U96pRd:FsR04;LEikZe:byfTOb,lsjVmc/m=attn,cdos,cr,gwc,hsm,jsanr,mb4ZUb,d,csi,cEt90b,SNUn3,qddgKe,sTsDMc,dtl0hd,eHDfl:405:40

1692821322423	Marionette	INFO	Stopped listening on port 36027
